<?xml version="1.0" encoding="UTF-8" ?>
<testsuite failures="0" time="8.806" errors="0" skipped="0" tests="38" name="com.openshift.express.internal.client.test.OpenShiftTestSuite">
  <properties>
[...]
</properties>
  <testcase time="0.008" classname="com.openshift.express.internal.client.test.ConfigurationTest" name="canReadUsername"/>
  <testcase time="0.009" classname="com.openshift.express.internal.client.test.ConfigurationTest" name="canStoreUsername"/>
  <testcase time="0.001" classname="com.openshift.express.internal.client.test.ConfigurationTest" name="canStoreAndReadUsername"/>
  <testcase time="0.001" classname="com.openshift.express.internal.client.test.ConfigurationTest" name="canReadUsernameIfItsInSystemConfigurationOnly"/>
  <testcase time="0.001" classname="com.openshift.express.internal.client.test.ConfigurationTest" name="usernameInUserconfigOverridesUsernameInSystemconfig"/>
  <testcase time="0.001" classname="com.openshift.express.internal.client.test.ConfigurationTest" name="quotedLibraServerIsReturnedWithoutQuotes"/>
  <testcase time="0" classname="com.openshift.express.internal.client.test.ConfigurationTest" name="nonQuotedLibraServerIsReturnedAsIs"/>
  <testcase time="0" classname="com.openshift.express.internal.client.test.ConfigurationTest" name="nullLibraServerIsReturnedAsNull"/>
  <testcase time="0.001" classname="com.openshift.express.internal.client.test.ConfigurationTest" name="libraserverInSystemPropsOverridesUsernameInSystemconfig"/>
  <testcase time="0.001" classname="com.openshift.express.internal.client.test.ConfigurationTest" name="systemPropsDefaultToUserconfig"/>
  <testcase time="0" classname="com.openshift.express.internal.client.test.ConfigurationTest" name="fallsBackToDefaultUrl"/>
  <testcase time="0.019" classname="com.openshift.express.internal.client.test.ApplicationTest" name="canMarshallApplicationCreateRequest"/>
  <testcase time="0.001" classname="com.openshift.express.internal.client.test.ApplicationTest" name="canMarshallApplicationDestroyRequest"/>
  <testcase time="0.008" classname="com.openshift.express.internal.client.test.ApplicationTest" name="canUnmarshallApplicationResponse"/>
  <testcase time="0.003" classname="com.openshift.express.internal.client.test.ApplicationTest" name="returnsValidGitUri"/>
  <testcase time="0.001" classname="com.openshift.express.internal.client.test.ApplicationTest" name="returnsValidApplicationUrl"/>
  <testcase time="0.002" classname="com.openshift.express.internal.client.test.ApplicationTest" name="canUnmarshallApplicationStatus"/>
  <testcase time="0.009" classname="com.openshift.express.internal.client.test.ApplicationTest" name="canReadFromApplicationLogReader"/>
  <testcase time="0.001" classname="com.openshift.express.internal.client.test.EmbedTest" name="canMarshallAddEmbeddedCartridgeRequest"/>
  <testcase time="6.168" classname="com.openshift.express.internal.client.test.ApplicationLogReaderTest" name="logReaderReturnsNewEntriesAfterApplicationRestart"/>
  <testcase time="0.015" classname="com.openshift.express.internal.client.test.DomainTest" name="canMarshallDomainCreateRequest"/>
  <testcase time="0.002" classname="com.openshift.express.internal.client.test.DomainTest" name="canUnmarshallDomainCreateResponse"/>
  <testcase time="0.005" classname="com.openshift.express.internal.client.test.DomainTest" name="canMarshallDomainAlterRequest"/>
  <testcase time="0.001" classname="com.openshift.express.internal.client.test.UserInfoTest" name="canMarshallUserInfoRequest"/>
  <testcase time="0.011" classname="com.openshift.express.internal.client.test.UserInfoTest" name="canUnmarshallUserInfoResponse"/>
  <testcase time="0.008" classname="com.openshift.express.internal.client.test.UserInfoTest" name="canGetApplicationByName"/>
  <testcase time="0.001" classname="com.openshift.express.internal.client.test.UserTest" name="canGetApplicationByName"/>
  <testcase time="0.001" classname="com.openshift.express.internal.client.test.UserTest" name="canGetUserUUID"/>
  <testcase time="0.001" classname="com.openshift.express.internal.client.test.UserTest" name="canGetPublicKey"/>
  <testcase time="0.001" classname="com.openshift.express.internal.client.test.UserTest" name="canGetDomain"/>
  <testcase time="0.002" classname="com.openshift.express.internal.client.test.UserTest" name="canGetCartridges"/>
  <testcase time="0.001" classname="com.openshift.express.internal.client.test.UserTest" name="canGetApplications"/>
  <testcase time="0.005" classname="com.openshift.express.internal.client.test.CartridgeTest" name="canUnmarshallApplicationResponse"/>
  <testcase time="0.001" classname="com.openshift.express.internal.client.test.CartridgeTest" name="canMarshallListCartridgesRequest"/>
  <testcase time="0" classname="com.openshift.express.internal.client.test.CartridgeTest" name="canUnmarshallCartridgeListResponse"/>
  <testcase time="1.412" classname="com.openshift.express.internal.client.test.SSHKeyTest" name="canCreatePublicKey"/>
  <testcase time="0.408" classname="com.openshift.express.internal.client.test.SSHKeyTest" name="canLoadKeyPair"/>
  <testcase time="0.563" classname="com.openshift.express.internal.client.test.SSHKeyTest" name="canLoadPublicKey"/>
</testsuite>